<?xml version="1.0" encoding="UTF-8"?>
<!-- Generated by org.testng.reporters.JUnitXMLReporter -->
<testsuite ignored="0" hostname="DESKTOP-1J07LNA" failures="2" tests="10" name="Test" time="227.801" errors="0" timestamp="11 Mar 2024 08:51:29 GMT">
  <testcase classname="com.sqa.qa.testcases.TransactionsPageTest" name="Verify_Deposit_With_ValideAmmount" time="3.097"/>
  <testcase classname="com.sqa.qa.testcases.CustomerLoginTest" name="customerlogin" time="6.657"/>
  <testcase classname="com.sqa.qa.testcases.CustomersPageTest" name="DeleteCustomerEntry" time="1.28"/>
  <testcase classname="com.sqa.qa.testcases.AddCustomerTest" name="AddCustomer_NotExist" time="3.03"/>
  <testcase classname="com.sqa.qa.testcases.OpenAccountPageTest" name="OpenAccount" time="3.163"/>
  <testcase classname="com.sqa.qa.testcases.AccountPageTest" name="Verify_Deposit_With_ValideAmmount" time="2.982"/>
  <testcase classname="com.sqa.qa.testcases.AddCustomerTest" name="AddCustomer_Exist" time="3.724"/>
  <testcase classname="com.sqa.qa.testcases.AccountPageTest" name="Verify_Deposit_With_InValideAmmount" time="1.603">
    <failure type="java.lang.AssertionError" message="expected [true] but found [false]">
      <![CDATA[java.lang.AssertionError: expected [true] but found [false]
	at com.sqa.qa.pages.AccountPage.InValidDeposit(AccountPage.java:179)
	at com.sqa.qa.testcases.AccountPageTest.Verify_Deposit_With_InValideAmmount(AccountPageTest.java:44)
... Removed 29 stack frames]]>
    </failure>
  </testcase> <!-- Verify_Deposit_With_InValideAmmount -->
  <testcase classname="com.sqa.qa.testcases.AccountPageTest" name="Verify_Withdraw_With_ValideAmmount" time="13.321"/>
  <testcase classname="com.sqa.qa.testcases.AccountPageTest" name="Verify_Withdraw_With_InSufficient" time="3.6">
    <failure type="org.openqa.selenium.StaleElementReferenceException" message="stale element reference: stale element not found
  (Session info: chrome=122.0.6261.112)
For documentation on this error, please visit: http://seleniumhq.org/exceptions/stale_element_reference.html
Build info: version: &amp;apos;3.14.0&amp;apos;, revision: &amp;apos;aacccce0&amp;apos;, time: &amp;apos;2018-08-02T20:19:58.91Z&amp;apos;
System info: host: &amp;apos;DESKTOP-1J07LNA&amp;apos;, ip: &amp;apos;192.168.57.175&amp;apos;, os.name: &amp;apos;Windows 10&amp;apos;, os.arch: &amp;apos;amd64&amp;apos;, os.version: &amp;apos;10.0&amp;apos;, java.version: &amp;apos;17.0.3&amp;apos;
Driver info: org.openqa.selenium.chrome.ChromeDriver
Capabilities {acceptInsecureCerts: false, browserName: chrome, browserVersion: 122.0.6261.112, chrome: {chromedriverVersion: 122.0.6261.69 (81bc525b6a36..., userDataDir: C:\Users\Pranjal\AppData\Lo...}, fedcm:accounts: true, goog:chromeOptions: {debuggerAddress: localhost:52362}, javascriptEnabled: true, networkConnectionEnabled: false, pageLoadStrategy: normal, platform: WINDOWS, platformName: WINDOWS, proxy: Proxy(), setWindowRect: true, strictFileInteractability: false, timeouts: {implicit: 0, pageLoad: 300000, script: 30000}, unhandledPromptBehavior: dismiss and notify, webauthn:extension:credBlob: true, webauthn:extension:largeBlob: true, webauthn:extension:minPinLength: true, webauthn:extension:prf: true, webauthn:virtualAuthenticators: true}
Session ID: 4ecb84fed0914d6b0ada3832af443a05">
      <![CDATA[org.openqa.selenium.StaleElementReferenceException: stale element reference: stale element not found
  (Session info: chrome=122.0.6261.112)
For documentation on this error, please visit: http://seleniumhq.org/exceptions/stale_element_reference.html
Build info: version: '3.14.0', revision: 'aacccce0', time: '2018-08-02T20:19:58.91Z'
System info: host: 'DESKTOP-1J07LNA', ip: '192.168.57.175', os.name: 'Windows 10', os.arch: 'amd64', os.version: '10.0', java.version: '17.0.3'
Driver info: org.openqa.selenium.chrome.ChromeDriver
Capabilities {acceptInsecureCerts: false, browserName: chrome, browserVersion: 122.0.6261.112, chrome: {chromedriverVersion: 122.0.6261.69 (81bc525b6a36..., userDataDir: C:\Users\Pranjal\AppData\Lo...}, fedcm:accounts: true, goog:chromeOptions: {debuggerAddress: localhost:52362}, javascriptEnabled: true, networkConnectionEnabled: false, pageLoadStrategy: normal, platform: WINDOWS, platformName: WINDOWS, proxy: Proxy(), setWindowRect: true, strictFileInteractability: false, timeouts: {implicit: 0, pageLoad: 300000, script: 30000}, unhandledPromptBehavior: dismiss and notify, webauthn:extension:credBlob: true, webauthn:extension:largeBlob: true, webauthn:extension:minPinLength: true, webauthn:extension:prf: true, webauthn:virtualAuthenticators: true}
Session ID: 4ecb84fed0914d6b0ada3832af443a05
	at org.openqa.selenium.remote.http.W3CHttpResponseCodec.createException(W3CHttpResponseCodec.java:187)
	at org.openqa.selenium.remote.http.W3CHttpResponseCodec.decode(W3CHttpResponseCodec.java:122)
	at org.openqa.selenium.remote.http.W3CHttpResponseCodec.decode(W3CHttpResponseCodec.java:49)
	at org.openqa.selenium.remote.HttpCommandExecutor.execute(HttpCommandExecutor.java:158)
	at org.openqa.selenium.remote.service.DriverCommandExecutor.execute(DriverCommandExecutor.java:83)
	at org.openqa.selenium.remote.RemoteWebDriver.execute(RemoteWebDriver.java:548)
	at org.openqa.selenium.remote.RemoteWebElement.execute(RemoteWebElement.java:276)
	at org.openqa.selenium.remote.RemoteWebElement.clear(RemoteWebElement.java:118)
	at org.openqa.selenium.support.events.EventFiringWebDriver$EventFiringWebElement.lambda$new$0(EventFiringWebDriver.java:403)
	at jdk.proxy2/jdk.proxy2.$Proxy15.clear(Unknown Source)
	at org.openqa.selenium.support.events.EventFiringWebDriver$EventFiringWebElement.clear(EventFiringWebDriver.java:435)
	at org.openqa.selenium.support.pagefactory.internal.LocatingElementHandler.invoke(LocatingElementHandler.java:51)
	at jdk.proxy2/jdk.proxy2.$Proxy14.clear(Unknown Source)
	at com.sqa.qa.pages.AccountPage.Withdraw(AccountPage.java:102)
	at com.sqa.qa.pages.AccountPage.ValidWithdraw(AccountPage.java:192)
	at com.sqa.qa.testcases.AccountPageTest.Verify_Withdraw_With_InSufficient(AccountPageTest.java:61)
... Removed 36 stack frames]]>
    </failure>
  </testcase> <!-- Verify_Withdraw_With_InSufficient -->
</testsuite> <!-- Test -->
