<!DOCTYPE html PUBLIC "-//W3C//DTD XHTML 1.1//EN" "http://www.w3.org/TR/xhtml11/DTD/xhtml11.dtd">
<html xmlns="http://www.w3.org/1999/xhtml"><head><title>TestNG Report</title><style type="text/css">table {margin-bottom:10px;border-collapse:collapse;empty-cells:show}th,td {border:1px solid #009;padding:.25em .5em}th {vertical-align:bottom}td {vertical-align:top}table a {font-weight:bold}.stripe td {background-color: #E6EBF9}.num {text-align:right}.passedodd td {background-color: #3F3}.passedeven td {background-color: #0A0}.skippedodd td {background-color: #DDD}.skippedeven td {background-color: #CCC}.failedodd td,.attn {background-color: #F33}.failedeven td,.stripe .attn {background-color: #D00}.stacktrace {white-space:pre;font-family:monospace}.totop {font-size:85%;text-align:center;border-bottom:2px solid #000}</style></head><body><table><tr><th>Test</th><th># Passed</th><th># Skipped</th><th># Failed</th><th>Time (ms)</th><th>Included Groups</th><th>Excluded Groups</th></tr><tr><th colspan="7">Suite</th></tr><tr><td><a href="#t0">Test</a></td><td class="num">8</td><td class="num">0</td><td class="num attn">2</td><td class="num">227,801</td><td></td><td></td></tr></table><table id='summary'><thead><tr><th>Class</th><th>Method</th><th>Start</th><th>Time (ms)</th></tr></thead><tbody><tr><th colspan="4">Suite</th></tr></tbody><tbody id="t0"><tr><th colspan="4">Test &#8212; failed</th></tr><tr class="failedeven"><td rowspan="2">com.sqa.qa.testcases.AccountPageTest</td><td><a href="#m0">Verify_Deposit_With_InValideAmmount</a></td><td rowspan="1">1710147048312</td><td rowspan="1">1603</td></tr><tr class="failedeven"><td><a href="#m1">Verify_Withdraw_With_InSufficient</a></td><td rowspan="1">1710147085101</td><td rowspan="1">3600</td></tr><tr><th colspan="4">Test &#8212; passed</th></tr><tr class="passedeven"><td rowspan="2">com.sqa.qa.testcases.AccountPageTest</td><td><a href="#m2">Verify_Deposit_With_ValideAmmount</a></td><td rowspan="1">1710147025373</td><td rowspan="1">2982</td></tr><tr class="passedeven"><td><a href="#m3">Verify_Withdraw_With_ValideAmmount</a></td><td rowspan="1">1710147059315</td><td rowspan="1">13321</td></tr><tr class="passedodd"><td rowspan="2">com.sqa.qa.testcases.AddCustomerTest</td><td><a href="#m4">AddCustomer_Exist</a></td><td rowspan="1">1710147035663</td><td rowspan="1">3724</td></tr><tr class="passedodd"><td><a href="#m5">AddCustomer_NotExist</a></td><td rowspan="1">1710146996285</td><td rowspan="1">3030</td></tr><tr class="passedeven"><td rowspan="1">com.sqa.qa.testcases.CustomerLoginTest</td><td><a href="#m6">customerlogin</a></td><td rowspan="1">1710146961065</td><td rowspan="1">6657</td></tr><tr class="passedodd"><td rowspan="1">com.sqa.qa.testcases.CustomersPageTest</td><td><a href="#m7">DeleteCustomerEntry</a></td><td rowspan="1">1710146983982</td><td rowspan="1">1280</td></tr><tr class="passedeven"><td rowspan="1">com.sqa.qa.testcases.OpenAccountPageTest</td><td><a href="#m8">OpenAccount</a></td><td rowspan="1">1710147008771</td><td rowspan="1">3163</td></tr><tr class="passedodd"><td rowspan="1">com.sqa.qa.testcases.TransactionsPageTest</td><td><a href="#m9">Verify_Deposit_With_ValideAmmount</a></td><td rowspan="1">1710146929812</td><td rowspan="1">3097</td></tr></tbody></table><h2>Test</h2><h3 id="m0">com.sqa.qa.testcases.AccountPageTest#Verify_Deposit_With_InValideAmmount</h3><table class="result"><tr><th>Exception</th></tr><tr><td><div class="stacktrace">java.lang.AssertionError: expected [true] but found [false]
	at com.sqa.qa.pages.AccountPage.InValidDeposit(AccountPage.java:179)
	at com.sqa.qa.testcases.AccountPageTest.Verify_Deposit_With_InValideAmmount(AccountPageTest.java:44)
... Removed 29 stack frames</div></td></tr></table><p class="totop"><a href="#summary">back to summary</a></p><h3 id="m1">com.sqa.qa.testcases.AccountPageTest#Verify_Withdraw_With_InSufficient</h3><table class="result"><tr><th>Exception</th></tr><tr><td><div class="stacktrace">org.openqa.selenium.StaleElementReferenceException: stale element reference: stale element not found
  (Session info: chrome=122.0.6261.112)
For documentation on this error, please visit: http://seleniumhq.org/exceptions/stale_element_reference.html
Build info: version: &apos;3.14.0&apos;, revision: &apos;aacccce0&apos;, time: &apos;2018-08-02T20:19:58.91Z&apos;
System info: host: &apos;DESKTOP-1J07LNA&apos;, ip: &apos;192.168.57.175&apos;, os.name: &apos;Windows 10&apos;, os.arch: &apos;amd64&apos;, os.version: &apos;10.0&apos;, java.version: &apos;17.0.3&apos;
Driver info: org.openqa.selenium.chrome.ChromeDriver
Capabilities {acceptInsecureCerts: false, browserName: chrome, browserVersion: 122.0.6261.112, chrome: {chromedriverVersion: 122.0.6261.69 (81bc525b6a36..., userDataDir: C:\Users\Pranjal\AppData\Lo...}, fedcm:accounts: true, goog:chromeOptions: {debuggerAddress: localhost:52362}, javascriptEnabled: true, networkConnectionEnabled: false, pageLoadStrategy: normal, platform: WINDOWS, platformName: WINDOWS, proxy: Proxy(), setWindowRect: true, strictFileInteractability: false, timeouts: {implicit: 0, pageLoad: 300000, script: 30000}, unhandledPromptBehavior: dismiss and notify, webauthn:extension:credBlob: true, webauthn:extension:largeBlob: true, webauthn:extension:minPinLength: true, webauthn:extension:prf: true, webauthn:virtualAuthenticators: true}
Session ID: 4ecb84fed0914d6b0ada3832af443a05
	at org.openqa.selenium.remote.http.W3CHttpResponseCodec.createException(W3CHttpResponseCodec.java:187)
	at org.openqa.selenium.remote.http.W3CHttpResponseCodec.decode(W3CHttpResponseCodec.java:122)
	at org.openqa.selenium.remote.http.W3CHttpResponseCodec.decode(W3CHttpResponseCodec.java:49)
	at org.openqa.selenium.remote.HttpCommandExecutor.execute(HttpCommandExecutor.java:158)
	at org.openqa.selenium.remote.service.DriverCommandExecutor.execute(DriverCommandExecutor.java:83)
	at org.openqa.selenium.remote.RemoteWebDriver.execute(RemoteWebDriver.java:548)
	at org.openqa.selenium.remote.RemoteWebElement.execute(RemoteWebElement.java:276)
	at org.openqa.selenium.remote.RemoteWebElement.clear(RemoteWebElement.java:118)
	at org.openqa.selenium.support.events.EventFiringWebDriver$EventFiringWebElement.lambda$new$0(EventFiringWebDriver.java:403)
	at jdk.proxy2/jdk.proxy2.$Proxy15.clear(Unknown Source)
	at org.openqa.selenium.support.events.EventFiringWebDriver$EventFiringWebElement.clear(EventFiringWebDriver.java:435)
	at org.openqa.selenium.support.pagefactory.internal.LocatingElementHandler.invoke(LocatingElementHandler.java:51)
	at jdk.proxy2/jdk.proxy2.$Proxy14.clear(Unknown Source)
	at com.sqa.qa.pages.AccountPage.Withdraw(AccountPage.java:102)
	at com.sqa.qa.pages.AccountPage.ValidWithdraw(AccountPage.java:192)
	at com.sqa.qa.testcases.AccountPageTest.Verify_Withdraw_With_InSufficient(AccountPageTest.java:61)
... Removed 36 stack frames</div></td></tr></table><p class="totop"><a href="#summary">back to summary</a></p><h3 id="m2">com.sqa.qa.testcases.AccountPageTest#Verify_Deposit_With_ValideAmmount</h3><table class="result"></table><p class="totop"><a href="#summary">back to summary</a></p><h3 id="m3">com.sqa.qa.testcases.AccountPageTest#Verify_Withdraw_With_ValideAmmount</h3><table class="result"></table><p class="totop"><a href="#summary">back to summary</a></p><h3 id="m4">com.sqa.qa.testcases.AddCustomerTest#AddCustomer_Exist</h3><table class="result"></table><p class="totop"><a href="#summary">back to summary</a></p><h3 id="m5">com.sqa.qa.testcases.AddCustomerTest#AddCustomer_NotExist</h3><table class="result"></table><p class="totop"><a href="#summary">back to summary</a></p><h3 id="m6">com.sqa.qa.testcases.CustomerLoginTest#customerlogin</h3><table class="result"></table><p class="totop"><a href="#summary">back to summary</a></p><h3 id="m7">com.sqa.qa.testcases.CustomersPageTest#DeleteCustomerEntry</h3><table class="result"></table><p class="totop"><a href="#summary">back to summary</a></p><h3 id="m8">com.sqa.qa.testcases.OpenAccountPageTest#OpenAccount</h3><table class="result"></table><p class="totop"><a href="#summary">back to summary</a></p><h3 id="m9">com.sqa.qa.testcases.TransactionsPageTest#Verify_Deposit_With_ValideAmmount</h3><table class="result"></table><p class="totop"><a href="#summary">back to summary</a></p></body></html>